<?xml version="1.0" encoding="UTF-8"?>
<!-- Generated by org.testng.reporters.JUnitReportReporter -->
<testsuite hostname="Ekamban-Laptop" failures="0" tests="5" name="testcase.Tc_petstoreapi" time="8.242" errors="0" timestamp="2020-09-12T18:18:17 NZST" skipped="0">
  <testcase classname="testcase.Tc_petstoreapi" name="test_deletereq" time="4.297"/>
  <system-out/>
  <testcase classname="testcase.Tc_petstoreapi" name="test_getreq" time="1.374"/>
  <system-out/>
  <testcase classname="testcase.Tc_petstoreapi" name="test_putreq" time="1.051"/>
  <system-out/>
  <testcase classname="testcase.Tc_petstoreapi" name="test_postname" time="1.271"/>
  <system-out/>
  <testcase classname="testcase.Tc_petstoreapi" name="test_getPetByid" time="0.249"/>
  <system-out/>
</testsuite> <!-- testcase.Tc_petstoreapi -->
