<?xml version="1.0" encoding="UTF-8"?>
<!-- Generated by org.testng.reporters.JUnitReportReporter -->
<testsuite hostname="Ekamban-Laptop" failures="0" tests="5" name="testcase.TC_RequestResposne" time="8.702" errors="0" timestamp="2020-09-12T18:53:51 NZST" skipped="0">
  <testcase classname="testcase.TC_RequestResposne" name="GetUserByID" time="1.253"/>
  <system-out/>
  <testcase classname="testcase.TC_RequestResposne" name="DeleteUserByID" time="4.904"/>
  <system-out/>
  <testcase classname="testcase.TC_RequestResposne" name="PostSingleUser" time="1.446"/>
  <system-out/>
  <testcase classname="testcase.TC_RequestResposne" name="PutUserByID" time="0.839"/>
  <system-out/>
  <testcase classname="testcase.TC_RequestResposne" name="GetAllUsers" time="0.260"/>
  <system-out/>
</testsuite> <!-- testcase.TC_RequestResposne -->
